c:\development\c++\nugget\x64\debug\vc143.pdb
c:\development\c++\nugget\x64\debug\vc143.idb
c:\development\c++\nugget\x64\debug\workstation.obj
c:\development\c++\nugget\x64\debug\skybox.obj
c:\development\c++\nugget\x64\debug\probe.obj
c:\development\c++\nugget\x64\debug\attitudecontrolmodule.obj
c:\development\c++\nugget\x64\debug\main.obj
c:\development\c++\nugget\x64\debug\game.obj
c:\development\c++\nugget\x64\debug\dialog.obj
c:\development\c++\nugget\x64\debug\imgui_widgets.obj
c:\development\c++\nugget\x64\debug\imgui_tables.obj
c:\development\c++\nugget\x64\debug\imgui_draw.obj
c:\development\c++\nugget\x64\debug\imgui_demo.obj
c:\development\c++\nugget\x64\debug\imgui.obj
c:\development\c++\nugget\x64\debug\imgui_impl_opengl3.obj
c:\development\c++\nugget\x64\debug\imgui_impl_glfw.obj
c:\development\c++\nugget\x64\debug\texture.obj
c:\development\c++\nugget\x64\debug\shader.obj
c:\development\c++\nugget\x64\debug\model.obj
c:\development\c++\nugget\x64\debug\mesh2.obj
c:\development\c++\nugget\x64\debug\mesh.obj
c:\development\c++\nugget\x64\debug\camera.obj
c:\development\c++\nugget\x64\debug\vm.obj
c:\development\c++\nugget\x64\debug\assembler.obj
c:\development\c++\nugget\x64\debug\sprite.obj
c:\development\c++\nugget\x64\debug\source_file.obj
c:\development\c++\nugget\x64\debug\glad.obj
c:\development\c++\nugget\x64\debug\main_old.obj
c:\development\c++\nugget\x64\debug\nugget.obj
c:\development\c++\nugget\x64\debug\igamemodule.obj
c:\development\c++\nugget\x64\debug\epoch.obj
c:\development\c++\nugget\x64\debug\entity.obj
c:\development\c++\nugget\x64\debug\objectcomponent.obj
c:\development\c++\nugget\x64\debug\object.obj
c:\development\c++\nugget\x64\debug\game.obj.enc
c:\development\c++\nugget\x64\debug\nugget.pdb
c:\development\c++\nugget\x64\debug\nugget.tlog\cl.command.1.tlog
c:\development\c++\nugget\x64\debug\nugget.tlog\cl.read.1.tlog
c:\development\c++\nugget\x64\debug\nugget.tlog\cl.write.1.tlog
c:\development\c++\nugget\x64\debug\nugget.tlog\link.12468-cvtres.read.1.tlog
c:\development\c++\nugget\x64\debug\nugget.tlog\link.12468-cvtres.write.1.tlog
c:\development\c++\nugget\x64\debug\nugget.tlog\link.12468-rc.read.1.tlog
c:\development\c++\nugget\x64\debug\nugget.tlog\link.12468-rc.write.1.tlog
c:\development\c++\nugget\x64\debug\nugget.tlog\link.12468.read.1.tlog
c:\development\c++\nugget\x64\debug\nugget.tlog\link.12468.read.2.tlog
c:\development\c++\nugget\x64\debug\nugget.tlog\link.12468.write.1.tlog
c:\development\c++\nugget\x64\debug\nugget.tlog\link.command.1.tlog
c:\development\c++\nugget\x64\debug\nugget.tlog\link.read.1.tlog
c:\development\c++\nugget\x64\debug\nugget.tlog\link.write.1.tlog
