  Game.cpp
C:\development\c++\nugget\src\Epoch\Game.cpp(253,62): warning C4244: 'argument': conversion from 'float' to 'int', possible loss of data
C:\development\c++\nugget\src\Epoch\Game.cpp(253,38): warning C4244: 'argument': conversion from 'float' to 'int', possible loss of data
C:\development\c++\nugget\src\Epoch\Game.cpp(268,13): warning C4996: 'strcpy': This function or variable may be unsafe. Consider using strcpy_s instead. To disable deprecation, use _CRT_SECURE_NO_WARNINGS. See online help for details.
C:\development\c++\nugget\src\Epoch\Game.cpp(285,5): warning C4996: 'strcpy': This function or variable may be unsafe. Consider using strcpy_s instead. To disable deprecation, use _CRT_SECURE_NO_WARNINGS. See online help for details.
C:\development\c++\nugget\src\Epoch\Game.cpp(340,21): warning C4244: 'initializing': conversion from 'int' to 'float', possible loss of data
C:\development\c++\nugget\src\Epoch\Game.cpp(342,17): warning C4244: 'initializing': conversion from 'float' to 'int', possible loss of data
C:\development\c++\nugget\src\Epoch\Game.cpp(345,29): warning C4244: 'argument': conversion from 'int' to 'float', possible loss of data
C:\development\c++\nugget\src\Epoch\Game.cpp(345,21): warning C4244: 'argument': conversion from 'int' to 'float', possible loss of data
C:\development\c++\nugget\src\Epoch\Game.cpp(466,35): warning C4244: '+=': conversion from 'double' to 'T', possible loss of data
          with
          [
              T=float
          ]
C:\development\c++\nugget\src\Epoch\Game.cpp(467,35): warning C4244: '+=': conversion from 'double' to 'T', possible loss of data
          with
          [
              T=float
          ]
C:\development\c++\nugget\src\Epoch\Game.cpp(473,25): warning C4244: '+=': conversion from 'double' to 'float', possible loss of data
  nugget.vcxproj -> C:\development\c++\nugget\x64\Debug\nugget.exe
