(0000) 3000  0011000000000000 (   1)                 .ORIG x3000
(3000) 2C17  0010110000010111 (   3) MAIN            LD    R6 STACK
(3001) EA18  1110101000011000 (   4)                 LEA   R5 BOARD
(3002) E082  1110000010000010 (   6)                 LEA   R0 INSTRUCTION_MESSAGE
(3003) F022  1111000000100010 (   7)                 TRAP  x22
(3004) E028  1110000000101000 (   9)                 LEA   R0 PROMPT_TYPE_MESSAGE
(3005) 4A7D  0100101001111101 (  10)                 JSR   PROMPT
(3006) 0204  0000001000000100 (  11)                 BRP   NEW
(3007) B022  1011000000100010 (  13)                 STI   R0 CLEAR_STRING_PTR
(3008) 2222  0010001000100010 (  14)                 LD    R1 BOARD_LABELS_TBL_PTR_PTR
(3009) 2422  0010010000100010 (  15)                 LD    R2 TEXT_BOARD_LABELS_TBL_PTR
(300A) 7440  0111010001000000 (  16)                 STR   R2 R1 #0
(300B) 489C  0100100010011100 (  19) NEW             JSR   RESET_BOARD
(300C) 49DD  0100100111011101 (  21) LOOP            JSR   DISPLAY_BOARD
(300D) 48A9  0100100010101001 (  22)                 JSR   GET_KEY
(300E) 200A  0010000000001010 (  24)                 LD    R0 DEAD
(300F) 0201  0000001000000001 (  25)                 BRP   IS_DEAD
(3010) 0FFB  0000111111111011 (  26)                 BRNZP LOOP
(3011) 49D8  0100100111011000 (  29) IS_DEAD         JSR   DISPLAY_BOARD
(3012) E063  1110000001100011 (  30)                 LEA   R0 DEATH_MESSAGE
(3013) F022  1111000000100010 (  31)                 TRAP  x22
(3014) E03C  1110000000111100 (  32)                 LEA   R0 PROMPT_DEATH_MESSAGE
(3015) 4A6D  0100101001101101 (  33)                 JSR   PROMPT
(3016) 03F4  0000001111110100 (  34)                 BRP   NEW
(3017) F025  1111000000100101 (  35)                 TRAP  x25
(3018) 4000  0100000000000000 (  38) STACK           .FILL x4000
(3019) 0000  0000000000000000 (  40) DEAD            .FILL x0000
(301A) 0001  0000000000000001 (  41) BOARD           .FILL x0001
(301B) 0007  0000000000000111 (  42)                 .FILL x0007
(301C) 0008  0000000000001000 (  43)                 .FILL x0008
(301D) 000F  0000000000001111 (  44)                 .FILL x000F
(301E) 0001  0000000000000001 (  45)                 .FILL x0001
(301F) 0006  0000000000000110 (  46)                 .FILL x0006
(3020) 0009  0000000000001001 (  47)                 .FILL x0009
(3021) 000E  0000000000001110 (  48)                 .FILL x000E
(3022) 0002  0000000000000010 (  49)                 .FILL x0002
(3023) 0005  0000000000000101 (  50)                 .FILL x0005
(3024) 000A  0000000000001010 (  51)                 .FILL x000A
(3025) 000D  0000000000001101 (  52)                 .FILL x000D
(3026) 0003  0000000000000011 (  53)                 .FILL x0003
(3027) 0004  0000000000000100 (  54)                 .FILL x0004
(3028) 000B  0000000000001011 (  55)                 .FILL x000B
(3029) 000C  0000000000001100 (  56)                 .FILL x000C
(302A) 321C  0011001000011100 (  58) CLEAR_STRING_PTR .FILL x321C
(302B) 326B  0011001001101011 (  59) BOARD_LABELS_TBL_PTR_PTR .FILL x326B
(302C) 32FD  0011001011111101 (  60) TEXT_BOARD_LABELS_TBL_PTR .FILL x32FD
(302D) 0041  0000000001000001 (  62) PROMPT_TYPE_MESSAGE .FILL x0041
(302E) 0072  0000000001110010 (  62)                 .FILL x0072
(302F) 0065  0000000001100101 (  62)                 .FILL x0065
(3030) 0020  0000000000100000 (  62)                 .FILL x0020
(3031) 0079  0000000001111001 (  62)                 .FILL x0079
(3032) 006F  0000000001101111 (  62)                 .FILL x006F
(3033) 0075  0000000001110101 (  62)                 .FILL x0075
(3034) 0020  0000000000100000 (  62)                 .FILL x0020
(3035) 006F  0000000001101111 (  62)                 .FILL x006F
(3036) 006E  0000000001101110 (  62)                 .FILL x006E
(3037) 0020  0000000000100000 (  62)                 .FILL x0020
(3038) 0061  0000000001100001 (  62)                 .FILL x0061
(3039) 006E  0000000001101110 (  62)                 .FILL x006E
(303A) 0020  0000000000100000 (  62)                 .FILL x0020
(303B) 0041  0000000001000001 (  62)                 .FILL x0041
(303C) 004E  0000000001001110 (  62)                 .FILL x004E
(303D) 0053  0000000001010011 (  62)                 .FILL x0053
(303E) 0049  0000000001001001 (  62)                 .FILL x0049
(303F) 0020  0000000000100000 (  62)                 .FILL x0020
(3040) 0074  0000000001110100 (  62)                 .FILL x0074
(3041) 0065  0000000001100101 (  62)                 .FILL x0065
(3042) 0072  0000000001110010 (  62)                 .FILL x0072
(3043) 006D  0000000001101101 (  62)                 .FILL x006D
(3044) 0069  0000000001101001 (  62)                 .FILL x0069
(3045) 006E  0000000001101110 (  62)                 .FILL x006E
(3046) 0061  0000000001100001 (  62)                 .FILL x0061
(3047) 006C  0000000001101100 (  62)                 .FILL x006C
(3048) 0020  0000000000100000 (  62)                 .FILL x0020
(3049) 0028  0000000000101000 (  62)                 .FILL x0028
(304A) 0079  0000000001111001 (  62)                 .FILL x0079
(304B) 007C  0000000001111100 (  62)                 .FILL x007C
(304C) 006E  0000000001101110 (  62)                 .FILL x006E
(304D) 0029  0000000000101001 (  62)                 .FILL x0029
(304E) 003F  0000000000111111 (  62)                 .FILL x003F
(304F) 0020  0000000000100000 (  62)                 .FILL x0020
(3050) 0000  0000000000000000 (  62)                 .FILL x0000
(3051) 0057  0000000001010111 (  63) PROMPT_DEATH_MESSAGE .FILL x0057
(3052) 006F  0000000001101111 (  63)                 .FILL x006F
(3053) 0075  0000000001110101 (  63)                 .FILL x0075
(3054) 006C  0000000001101100 (  63)                 .FILL x006C
(3055) 0064  0000000001100100 (  63)                 .FILL x0064
(3056) 0020  0000000000100000 (  63)                 .FILL x0020
(3057) 0079  0000000001111001 (  63)                 .FILL x0079
(3058) 006F  0000000001101111 (  63)                 .FILL x006F
(3059) 0075  0000000001110101 (  63)                 .FILL x0075
(305A) 0020  0000000000100000 (  63)                 .FILL x0020
(305B) 006C  0000000001101100 (  63)                 .FILL x006C
(305C) 0069  0000000001101001 (  63)                 .FILL x0069
(305D) 006B  0000000001101011 (  63)                 .FILL x006B
(305E) 0065  0000000001100101 (  63)                 .FILL x0065
(305F) 0020  0000000000100000 (  63)                 .FILL x0020
(3060) 0074  0000000001110100 (  63)                 .FILL x0074
(3061) 006F  0000000001101111 (  63)                 .FILL x006F
(3062) 0020  0000000000100000 (  63)                 .FILL x0020
(3063) 0070  0000000001110000 (  63)                 .FILL x0070
(3064) 006C  0000000001101100 (  63)                 .FILL x006C
(3065) 0061  0000000001100001 (  63)                 .FILL x0061
(3066) 0079  0000000001111001 (  63)                 .FILL x0079
(3067) 0020  0000000000100000 (  63)                 .FILL x0020
(3068) 0061  0000000001100001 (  63)                 .FILL x0061
(3069) 0067  0000000001100111 (  63)                 .FILL x0067
(306A) 0061  0000000001100001 (  63)                 .FILL x0061
(306B) 0069  0000000001101001 (  63)                 .FILL x0069
(306C) 006E  0000000001101110 (  63)                 .FILL x006E
(306D) 0020  0000000000100000 (  63)                 .FILL x0020
(306E) 0028  0000000000101000 (  63)                 .FILL x0028
(306F) 0079  0000000001111001 (  63)                 .FILL x0079
(3070) 007C  0000000001111100 (  63)                 .FILL x007C
(3071) 006E  0000000001101110 (  63)                 .FILL x006E
(3072) 0029  0000000000101001 (  63)                 .FILL x0029
(3073) 003F  0000000000111111 (  63)                 .FILL x003F
(3074) 0020  0000000000100000 (  63)                 .FILL x0020
(3075) 0000  0000000000000000 (  63)                 .FILL x0000
(3076) 000A  0000000000001010 (  64) DEATH_MESSAGE   .FILL x000A
(3077) 0059  0000000001011001 (  64)                 .FILL x0059
(3078) 006F  0000000001101111 (  64)                 .FILL x006F
(3079) 0075  0000000001110101 (  64)                 .FILL x0075
(307A) 0020  0000000000100000 (  64)                 .FILL x0020
(307B) 006C  0000000001101100 (  64)                 .FILL x006C
(307C) 006F  0000000001101111 (  64)                 .FILL x006F
(307D) 0073  0000000001110011 (  64)                 .FILL x0073
(307E) 0074  0000000001110100 (  64)                 .FILL x0074
(307F) 0020  0000000000100000 (  64)                 .FILL x0020
(3080) 003A  0000000000111010 (  64)                 .FILL x003A
(3081) 0028  0000000000101000 (  64)                 .FILL x0028
(3082) 000A  0000000000001010 (  64)                 .FILL x000A
(3083) 000A  0000000000001010 (  64)                 .FILL x000A
(3084) 0000  0000000000000000 (  64)                 .FILL x0000
(3085) 0043  0000000001000011 (  65) INSTRUCTION_MESSAGE .FILL x0043
(3086) 006F  0000000001101111 (  65)                 .FILL x006F
(3087) 006E  0000000001101110 (  65)                 .FILL x006E
(3088) 0074  0000000001110100 (  65)                 .FILL x0074
(3089) 0072  0000000001110010 (  65)                 .FILL x0072
(308A) 006F  0000000001101111 (  65)                 .FILL x006F
(308B) 006C  0000000001101100 (  65)                 .FILL x006C
(308C) 0020  0000000000100000 (  65)                 .FILL x0020
(308D) 0074  0000000001110100 (  65)                 .FILL x0074
(308E) 0068  0000000001101000 (  65)                 .FILL x0068
(308F) 0065  0000000001100101 (  65)                 .FILL x0065
(3090) 0020  0000000000100000 (  65)                 .FILL x0020
(3091) 0067  0000000001100111 (  65)                 .FILL x0067
(3092) 0061  0000000001100001 (  65)                 .FILL x0061
(3093) 006D  0000000001101101 (  65)                 .FILL x006D
(3094) 0065  0000000001100101 (  65)                 .FILL x0065
(3095) 0020  0000000000100000 (  65)                 .FILL x0020
(3096) 0075  0000000001110101 (  65)                 .FILL x0075
(3097) 0073  0000000001110011 (  65)                 .FILL x0073
(3098) 0069  0000000001101001 (  65)                 .FILL x0069
(3099) 006E  0000000001101110 (  65)                 .FILL x006E
(309A) 0067  0000000001100111 (  65)                 .FILL x0067
(309B) 0020  0000000000100000 (  65)                 .FILL x0020
(309C) 0057  0000000001010111 (  65)                 .FILL x0057
(309D) 0041  0000000001000001 (  65)                 .FILL x0041
(309E) 0053  0000000001010011 (  65)                 .FILL x0053
(309F) 0044  0000000001000100 (  65)                 .FILL x0044
(30A0) 0020  0000000000100000 (  65)                 .FILL x0020
(30A1) 006B  0000000001101011 (  65)                 .FILL x006B
(30A2) 0065  0000000001100101 (  65)                 .FILL x0065
(30A3) 0079  0000000001111001 (  65)                 .FILL x0079
(30A4) 0073  0000000001110011 (  65)                 .FILL x0073
(30A5) 002E  0000000000101110 (  65)                 .FILL x002E
(30A6) 000A  0000000000001010 (  65)                 .FILL x000A
(30A7) 0000  0000000000000000 (  65)                 .FILL x0000
(30A8) 7FBF  0111111110111111 (  74) RESET_BOARD     STR   R7 R6 #-1
(30A9) 1DBF  0001110110111111 (  75)                 ADD   R6 R6 #-1
(30AA) 5020  0101000000100000 (  77)                 AND   R0 R0 #0
(30AB) 5260  0101001001100000 (  78)                 AND   R1 R1 #0
(30AC) 316C  0011000101101100 (  79)                 ST    R0 DEAD
(30AD) 1445  0001010001000101 (  81) RESET_LOOP      ADD   R2 R1 R5
(30AE) 7080  0111000010000000 (  82)                 STR   R0 R2 #0
(30AF) 1261  0001001001100001 (  83)                 ADD   R1 R1 #1
(30B0) 1470  0001010001110000 (  84)                 ADD   R2 R1 #-16
(30B1) 09FB  0000100111111011 (  85)                 BRN   RESET_LOOP
(30B2) 48E8  0100100011101000 (  88) RESET_RANDOM    JSR   ADD_RANDOM_CELL
(30B3) 48E7  0100100011100111 (  89)                 JSR   ADD_RANDOM_CELL
(30B4) 6F80  0110111110000000 (  91)                 LDR   R7 R6 #0
(30B5) 1DA1  0001110110100001 (  92)                 ADD   R6 R6 #1
(30B6) C1C0  1100000111000000 (  93)                 RET   
(30B7) 7FBF  0111111110111111 ( 102) GET_KEY         STR   R7 R6 #-1
(30B8) 1DBF  0001110110111111 ( 103)                 ADD   R6 R6 #-1
(30B9) F020  1111000000100000 ( 106) GET_KEY_LOOP    TRAP  x20
(30BA) 2229  0010001000101001 ( 108)                 LD    R1 W_NEG
(30BB) 1201  0001001000000001 ( 109)                 ADD   R1 R0 R1
(30BC) 0412  0000010000010010 ( 110)                 BRZ   UP
(30BD) 2227  0010001000100111 ( 112)                 LD    R1 A_NEG
(30BE) 1201  0001001000000001 ( 113)                 ADD   R1 R0 R1
(30BF) 0407  0000010000000111 ( 114)                 BRZ   LEFT
(30C0) 2225  0010001000100101 ( 116)                 LD    R1 S_NEG
(30C1) 1201  0001001000000001 ( 117)                 ADD   R1 R0 R1
(30C2) 0412  0000010000010010 ( 118)                 BRZ   DOWN
(30C3) 2223  0010001000100011 ( 120)                 LD    R1 D_NEG
(30C4) 1201  0001001000000001 ( 121)                 ADD   R1 R0 R1
(30C5) 0403  0000010000000011 ( 122)                 BRZ   RIGHT
(30C6) 0FF2  0000111111110010 ( 124)                 BRNZP GET_KEY_LOOP
(30C7) 4851  0100100001010001 ( 127) LEFT            JSR   SLIDE_BOARD_LEFT
(30C8) 0E11  0000111000010001 ( 128)                 BRNZP GET_KEY_CHECK
(30C9) 481E  0100100000011110 ( 130) RIGHT           JSR   ROTATE_BOARD
(30CA) 481D  0100100000011101 ( 131)                 JSR   ROTATE_BOARD
(30CB) 484D  0100100001001101 ( 132)                 JSR   SLIDE_BOARD_LEFT
(30CC) 481B  0100100000011011 ( 133)                 JSR   ROTATE_BOARD
(30CD) 481A  0100100000011010 ( 134)                 JSR   ROTATE_BOARD
(30CE) 0E0B  0000111000001011 ( 135)                 BRNZP GET_KEY_CHECK
(30CF) 4818  0100100000011000 ( 137) UP              JSR   ROTATE_BOARD
(30D0) 4817  0100100000010111 ( 138)                 JSR   ROTATE_BOARD
(30D1) 4816  0100100000010110 ( 139)                 JSR   ROTATE_BOARD
(30D2) 4846  0100100001000110 ( 140)                 JSR   SLIDE_BOARD_LEFT
(30D3) 4814  0100100000010100 ( 141)                 JSR   ROTATE_BOARD
(30D4) 0E05  0000111000000101 ( 142)                 BRNZP GET_KEY_CHECK
(30D5) 4812  0100100000010010 ( 144) DOWN            JSR   ROTATE_BOARD
(30D6) 4842  0100100001000010 ( 145)                 JSR   SLIDE_BOARD_LEFT
(30D7) 4810  0100100000010000 ( 146)                 JSR   ROTATE_BOARD
(30D8) 480F  0100100000001111 ( 147)                 JSR   ROTATE_BOARD
(30D9) 480E  0100100000001110 ( 148)                 JSR   ROTATE_BOARD
(30DA) 1020  0001000000100000 ( 151) GET_KEY_CHECK   ADD   R0 R0 #0
(30DB) 0DDD  0000110111011101 ( 152)                 BRNZ  GET_KEY_LOOP
(30DC) 48BE  0100100010111110 ( 155) GET_KEY_ADD_RANDOM JSR   ADD_RANDOM_CELL
(30DD) 1020  0001000000100000 ( 156)                 ADD   R0 R0 #0
(30DE) 0202  0000001000000010 ( 157)                 BRP   GET_KEY_EXIT
(30DF) 48DC  0100100011011100 ( 160) GET_KEY_CHECK_DEATH JSR   CHECK_DEATH
(30E0) 3138  0011000100111000 ( 161)                 ST    R0 DEAD
(30E1) 6F80  0110111110000000 ( 164) GET_KEY_EXIT    LDR   R7 R6 #0
(30E2) 1DA1  0001110110100001 ( 165)                 ADD   R6 R6 #1
(30E3) C1C0  1100000111000000 ( 166)                 RET   
(30E4) FF89  1111111110001001 ( 169) W_NEG           .FILL xFF89
(30E5) FF9F  1111111110011111 ( 170) A_NEG           .FILL xFF9F
(30E6) FF8D  1111111110001101 ( 171) S_NEG           .FILL xFF8D
(30E7) FF9C  1111111110011100 ( 172) D_NEG           .FILL xFF9C
(30E8) 71BF  0111000110111111 ( 180) ROTATE_BOARD    STR   R0 R6 #-1
(30E9) 1DBF  0001110110111111 ( 181)                 ADD   R6 R6 #-1
(30EA) 6141  0110000101000001 ( 183)                 LDR   R0 R5 #1
(30EB) 71BF  0111000110111111 ( 184)                 STR   R0 R6 #-1
(30EC) 6142  0110000101000010 ( 185)                 LDR   R0 R5 #2
(30ED) 71BE  0111000110111110 ( 186)                 STR   R0 R6 #-2
(30EE) 6143  0110000101000011 ( 187)                 LDR   R0 R5 #3
(30EF) 71BD  0111000110111101 ( 188)                 STR   R0 R6 #-3
(30F0) 1DBD  0001110110111101 ( 189)                 ADD   R6 R6 #-3
(30F1) 6140  0110000101000000 ( 191)                 LDR   R0 R5 #0
(30F2) 7143  0111000101000011 ( 192)                 STR   R0 R5 #3
(30F3) 6144  0110000101000100 ( 193)                 LDR   R0 R5 #4
(30F4) 7142  0111000101000010 ( 194)                 STR   R0 R5 #2
(30F5) 6148  0110000101001000 ( 195)                 LDR   R0 R5 #8
(30F6) 7141  0111000101000001 ( 196)                 STR   R0 R5 #1
(30F7) 614C  0110000101001100 ( 198)                 LDR   R0 R5 #12
(30F8) 7140  0111000101000000 ( 199)                 STR   R0 R5 #0
(30F9) 614D  0110000101001101 ( 200)                 LDR   R0 R5 #13
(30FA) 7144  0111000101000100 ( 201)                 STR   R0 R5 #4
(30FB) 614E  0110000101001110 ( 202)                 LDR   R0 R5 #14
(30FC) 7148  0111000101001000 ( 203)                 STR   R0 R5 #8
(30FD) 614F  0110000101001111 ( 205)                 LDR   R0 R5 #15
(30FE) 714C  0111000101001100 ( 206)                 STR   R0 R5 #12
(30FF) 614B  0110000101001011 ( 207)                 LDR   R0 R5 #11
(3100) 714D  0111000101001101 ( 208)                 STR   R0 R5 #13
(3101) 6147  0110000101000111 ( 209)                 LDR   R0 R5 #7
(3102) 714E  0111000101001110 ( 210)                 STR   R0 R5 #14
(3103) 6180  0110000110000000 ( 212)                 LDR   R0 R6 #0
(3104) 714F  0111000101001111 ( 213)                 STR   R0 R5 #15
(3105) 6181  0110000110000001 ( 214)                 LDR   R0 R6 #1
(3106) 714B  0111000101001011 ( 215)                 STR   R0 R5 #11
(3107) 6182  0110000110000010 ( 216)                 LDR   R0 R6 #2
(3108) 7147  0111000101000111 ( 217)                 STR   R0 R5 #7
(3109) 1DA3  0001110110100011 ( 219)                 ADD   R6 R6 #3
(310A) 6146  0110000101000110 ( 221)                 LDR   R0 R5 #6
(310B) 71BF  0111000110111111 ( 222)                 STR   R0 R6 #-1
(310C) 1DBF  0001110110111111 ( 223)                 ADD   R6 R6 #-1
(310D) 6145  0110000101000101 ( 225)                 LDR   R0 R5 #5
(310E) 7146  0111000101000110 ( 226)                 STR   R0 R5 #6
(310F) 6149  0110000101001001 ( 227)                 LDR   R0 R5 #9
(3110) 7145  0111000101000101 ( 228)                 STR   R0 R5 #5
(3111) 614A  0110000101001010 ( 229)                 LDR   R0 R5 #10
(3112) 7149  0111000101001001 ( 230)                 STR   R0 R5 #9
(3113) 6180  0110000110000000 ( 231)                 LDR   R0 R6 #0
(3114) 714A  0111000101001010 ( 232)                 STR   R0 R5 #10
(3115) 1DA1  0001110110100001 ( 234)                 ADD   R6 R6 #1
(3116) 6180  0110000110000000 ( 236)                 LDR   R0 R6 #0
(3117) 1DA1  0001110110100001 ( 237)                 ADD   R6 R6 #1
(3118) C1C0  1100000111000000 ( 238)                 RET   
(3119) 7FBF  0111111110111111 ( 247) SLIDE_BOARD_LEFT STR   R7 R6 #-1
(311A) 73BE  0111001110111110 ( 248)                 STR   R1 R6 #-2
(311B) 1DBE  0001110110111110 ( 249)                 ADD   R6 R6 #-2
(311C) 5260  0101001001100000 ( 251)                 AND   R1 R1 #0
(311D) 1160  0001000101100000 ( 253)                 ADD   R0 R5 #0
(311E) 480E  0100100000001110 ( 254)                 JSR   SLIDE_ROW_LEFT
(311F) 1201  0001001000000001 ( 255)                 ADD   R1 R0 R1
(3120) 1164  0001000101100100 ( 257)                 ADD   R0 R5 #4
(3121) 480B  0100100000001011 ( 258)                 JSR   SLIDE_ROW_LEFT
(3122) 1201  0001001000000001 ( 259)                 ADD   R1 R0 R1
(3123) 1168  0001000101101000 ( 261)                 ADD   R0 R5 #8
(3124) 4808  0100100000001000 ( 262)                 JSR   SLIDE_ROW_LEFT
(3125) 1201  0001001000000001 ( 263)                 ADD   R1 R0 R1
(3126) 116C  0001000101101100 ( 265)                 ADD   R0 R5 #12
(3127) 4805  0100100000000101 ( 266)                 JSR   SLIDE_ROW_LEFT
(3128) 1001  0001000000000001 ( 267)                 ADD   R0 R0 R1
(3129) 6380  0110001110000000 ( 269)                 LDR   R1 R6 #0
(312A) 6F81  0110111110000001 ( 270)                 LDR   R7 R6 #1
(312B) 1DA2  0001110110100010 ( 271)                 ADD   R6 R6 #2
(312C) C1C0  1100000111000000 ( 273)                 RET   
(312D) 73BF  0111001110111111 ( 283) SLIDE_ROW_LEFT  STR   R1 R6 #-1
(312E) 1DBF  0001110110111111 ( 284)                 ADD   R6 R6 #-1
(312F) 5260  0101001001100000 ( 286)                 AND   R1 R1 #0
(3130) 54A0  0101010010100000 ( 287)                 AND   R2 R2 #0
(3131) 6800  0110100000000000 ( 292) SLIDE_CHECKSUM  LDR   R4 R0 #0
(3132) 1704  0001011100000100 ( 293)                 ADD   R3 R4 R4
(3133) 16C3  0001011011000011 ( 294)                 ADD   R3 R3 R3
(3134) 16C3  0001011011000011 ( 295)                 ADD   R3 R3 R3
(3135) 16C3  0001011011000011 ( 296)                 ADD   R3 R3 R3
(3136) 6801  0110100000000001 ( 298)                 LDR   R4 R0 #1
(3137) 16C4  0001011011000100 ( 299)                 ADD   R3 R3 R4
(3138) 16C3  0001011011000011 ( 300)                 ADD   R3 R3 R3
(3139) 16C3  0001011011000011 ( 301)                 ADD   R3 R3 R3
(313A) 16C3  0001011011000011 ( 302)                 ADD   R3 R3 R3
(313B) 16C3  0001011011000011 ( 303)                 ADD   R3 R3 R3
(313C) 6802  0110100000000010 ( 305)                 LDR   R4 R0 #2
(313D) 16C4  0001011011000100 ( 306)                 ADD   R3 R3 R4
(313E) 16C3  0001011011000011 ( 307)                 ADD   R3 R3 R3
(313F) 16C3  0001011011000011 ( 308)                 ADD   R3 R3 R3
(3140) 16C3  0001011011000011 ( 309)                 ADD   R3 R3 R3
(3141) 16C3  0001011011000011 ( 310)                 ADD   R3 R3 R3
(3142) 6803  0110100000000011 ( 312)                 LDR   R4 R0 #3
(3143) 16C4  0001011011000100 ( 313)                 ADD   R3 R3 R4
(3144) 77BF  0111011110111111 ( 315)                 STR   R3 R6 #-1
(3145) 1DBF  0001110110111111 ( 316)                 ADD   R6 R6 #-1
(3146) 1801  0001100000000001 ( 319) SLIDE_FIND_LOOP ADD   R4 R0 R1
(3147) 6900  0110100100000000 ( 320)                 LDR   R4 R4 #0
(3148) 0C03  0000110000000011 ( 321)                 BRNZ  SLIDE_CHECK_NEXT
(3149) 1602  0001011000000010 ( 323) SLIDE_FOUND_BOX ADD   R3 R0 R2
(314A) 14A1  0001010010100001 ( 324)                 ADD   R2 R2 #1
(314B) 78C0  0111100011000000 ( 325)                 STR   R4 R3 #0
(314C) 1261  0001001001100001 ( 327) SLIDE_CHECK_NEXT ADD   R1 R1 #1
(314D) 187C  0001100001111100 ( 328)                 ADD   R4 R1 #-4
(314E) 09F7  0000100111110111 ( 329)                 BRN   SLIDE_FIND_LOOP
(314F) 5260  0101001001100000 ( 331)                 AND   R1 R1 #0
(3150) 18BC  0001100010111100 ( 333) SLIDE_FILL_LOOP ADD   R4 R2 #-4
(3151) 0404  0000010000000100 ( 334)                 BRZ   SLIDE_FIND_FIRST_MATCH
(3152) 1602  0001011000000010 ( 335)                 ADD   R3 R0 R2
(3153) 14A1  0001010010100001 ( 336)                 ADD   R2 R2 #1
(3154) 72C0  0111001011000000 ( 337)                 STR   R1 R3 #0
(3155) 0FFA  0000111111111010 ( 338)                 BRNZP SLIDE_FILL_LOOP
(3156) 6200  0110001000000000 ( 341) SLIDE_FIND_FIRST_MATCH LDR   R1 R0 #0
(3157) 6601  0110011000000001 ( 342)                 LDR   R3 R0 #1
(3158) 0425  0000010000100101 ( 343)                 BRZ   SLIDE_FINISHED_MATCHING
(3159) 96FF  1001011011111111 ( 344)                 NOT   R3 R3
(315A) 16E1  0001011011100001 ( 345)                 ADD   R3 R3 #1
(315B) 1643  0001011001000011 ( 346)                 ADD   R3 R1 R3
(315C) 0A08  0000101000001000 ( 347)                 BRNP  SLIDE_FIND_SECOND_MATCH
(315D) 1261  0001001001100001 ( 348)                 ADD   R1 R1 #1
(315E) 7200  0111001000000000 ( 349)                 STR   R1 R0 #0
(315F) 6202  0110001000000010 ( 350)                 LDR   R1 R0 #2
(3160) 7201  0111001000000001 ( 351)                 STR   R1 R0 #1
(3161) 6203  0110001000000011 ( 352)                 LDR   R1 R0 #3
(3162) 7202  0111001000000010 ( 353)                 STR   R1 R0 #2
(3163) 5260  0101001001100000 ( 354)                 AND   R1 R1 #0
(3164) 7203  0111001000000011 ( 355)                 STR   R1 R0 #3
(3165) 6201  0110001000000001 ( 358) SLIDE_FIND_SECOND_MATCH LDR   R1 R0 #1
(3166) 6602  0110011000000010 ( 359)                 LDR   R3 R0 #2
(3167) 0416  0000010000010110 ( 360)                 BRZ   SLIDE_FINISHED_MATCHING
(3168) 96FF  1001011011111111 ( 361)                 NOT   R3 R3
(3169) 16E1  0001011011100001 ( 362)                 ADD   R3 R3 #1
(316A) 1643  0001011001000011 ( 363)                 ADD   R3 R1 R3
(316B) 0A07  0000101000000111 ( 364)                 BRNP  SLIDE_FIND_THIRD_MATCH
(316C) 1261  0001001001100001 ( 365)                 ADD   R1 R1 #1
(316D) 7201  0111001000000001 ( 366)                 STR   R1 R0 #1
(316E) 6203  0110001000000011 ( 367)                 LDR   R1 R0 #3
(316F) 7202  0111001000000010 ( 368)                 STR   R1 R0 #2
(3170) 5260  0101001001100000 ( 369)                 AND   R1 R1 #0
(3171) 7203  0111001000000011 ( 370)                 STR   R1 R0 #3
(3172) 0E0B  0000111000001011 ( 372)                 BRNZP SLIDE_FINISHED_MATCHING
(3173) 6202  0110001000000010 ( 374) SLIDE_FIND_THIRD_MATCH LDR   R1 R0 #2
(3174) 6603  0110011000000011 ( 375)                 LDR   R3 R0 #3
(3175) 0408  0000010000001000 ( 376)                 BRZ   SLIDE_FINISHED_MATCHING
(3176) 96FF  1001011011111111 ( 377)                 NOT   R3 R3
(3177) 16E1  0001011011100001 ( 378)                 ADD   R3 R3 #1
(3178) 1643  0001011001000011 ( 379)                 ADD   R3 R1 R3
(3179) 0A04  0000101000000100 ( 380)                 BRNP  SLIDE_FINISHED_MATCHING
(317A) 1261  0001001001100001 ( 381)                 ADD   R1 R1 #1
(317B) 7202  0111001000000010 ( 382)                 STR   R1 R0 #2
(317C) 5260  0101001001100000 ( 383)                 AND   R1 R1 #0
(317D) 7203  0111001000000011 ( 384)                 STR   R1 R0 #3
(317E) 6800  0110100000000000 ( 388) SLIDE_FINISHED_MATCHING LDR   R4 R0 #0
(317F) 1704  0001011100000100 ( 389)                 ADD   R3 R4 R4
(3180) 16C3  0001011011000011 ( 390)                 ADD   R3 R3 R3
(3181) 16C3  0001011011000011 ( 391)                 ADD   R3 R3 R3
(3182) 16C3  0001011011000011 ( 392)                 ADD   R3 R3 R3
(3183) 6801  0110100000000001 ( 394)                 LDR   R4 R0 #1
(3184) 16C4  0001011011000100 ( 395)                 ADD   R3 R3 R4
(3185) 16C3  0001011011000011 ( 396)                 ADD   R3 R3 R3
(3186) 16C3  0001011011000011 ( 397)                 ADD   R3 R3 R3
(3187) 16C3  0001011011000011 ( 398)                 ADD   R3 R3 R3
(3188) 16C3  0001011011000011 ( 399)                 ADD   R3 R3 R3
(3189) 6802  0110100000000010 ( 401)                 LDR   R4 R0 #2
(318A) 16C4  0001011011000100 ( 402)                 ADD   R3 R3 R4
(318B) 16C3  0001011011000011 ( 403)                 ADD   R3 R3 R3
(318C) 16C3  0001011011000011 ( 404)                 ADD   R3 R3 R3
(318D) 16C3  0001011011000011 ( 405)                 ADD   R3 R3 R3
(318E) 16C3  0001011011000011 ( 406)                 ADD   R3 R3 R3
(318F) 6803  0110100000000011 ( 408)                 LDR   R4 R0 #3
(3190) 16C4  0001011011000100 ( 409)                 ADD   R3 R3 R4
(3191) 96FF  1001011011111111 ( 411)                 NOT   R3 R3
(3192) 16E1  0001011011100001 ( 412)                 ADD   R3 R3 #1
(3193) 6980  0110100110000000 ( 413)                 LDR   R4 R6 #0
(3194) 5020  0101000000100000 ( 414)                 AND   R0 R0 #0
(3195) 16C4  0001011011000100 ( 415)                 ADD   R3 R3 R4
(3196) 0401  0000010000000001 ( 416)                 BRZ   SLIDE_EXIT
(3197) 1021  0001000000100001 ( 417)                 ADD   R0 R0 #1
(3198) 6381  0110001110000001 ( 420) SLIDE_EXIT      LDR   R1 R6 #1
(3199) 1DA2  0001110110100010 ( 421)                 ADD   R6 R6 #2
(319A) C1C0  1100000111000000 ( 422)                 RET   
(319B) 7FBF  0111111110111111 ( 432) ADD_RANDOM_CELL STR   R7 R6 #-1
(319C) 1DBF  0001110110111111 ( 433)                 ADD   R6 R6 #-1
(319D) 5260  0101001001100000 ( 435)                 AND   R1 R1 #0
(319E) 54A0  0101010010100000 ( 436)                 AND   R2 R2 #0
(319F) 1085  0001000010000101 ( 439) ADD_RANDOM_LOOP ADD   R0 R2 R5
(31A0) 14A1  0001010010100001 ( 440)                 ADD   R2 R2 #1
(31A1) 71BF  0111000110111111 ( 441)                 STR   R0 R6 #-1
(31A2) 6000  0110000000000000 ( 442)                 LDR   R0 R0 #0
(31A3) 0202  0000001000000010 ( 443)                 BRP   ADD_RANDOM_NEXT
(31A4) 1261  0001001001100001 ( 445) ADD_RANDOM_EMPTY ADD   R1 R1 #1
(31A5) 1DBF  0001110110111111 ( 446)                 ADD   R6 R6 #-1
(31A6) 10B0  0001000010110000 ( 448) ADD_RANDOM_NEXT ADD   R0 R2 #-16
(31A7) 09F7  0000100111110111 ( 449)                 BRN   ADD_RANDOM_LOOP
(31A8) 1060  0001000001100000 ( 452) ADD_RANDOM_COUNTED ADD   R0 R1 #0
(31A9) 040D  0000010000001101 ( 453)                 BRZ   ADD_RANDOM_EXIT
(31AA) 48C1  0100100011000001 ( 454)                 JSR   RAND_MOD
(31AB) 1406  0001010000000110 ( 455)                 ADD   R2 R0 R6
(31AC) 200E  0010000000001110 ( 457)                 LD    R0 RANDOM_4_MOD
(31AD) 48BE  0100100010111110 ( 458)                 JSR   RAND_MOD
(31AE) 1020  0001000000100000 ( 459)                 ADD   R0 R0 #0
(31AF) 0403  0000010000000011 ( 460)                 BRZ   ADD_RANDOM_4
(31B0) 5020  0101000000100000 ( 462) ADD_RANDOM_2    AND   R0 R0 #0
(31B1) 1021  0001000000100001 ( 463)                 ADD   R0 R0 #1
(31B2) 0E01  0000111000000001 ( 464)                 BRNZP ADD_RANDOM_RESTORE
(31B3) 1022  0001000000100010 ( 466) ADD_RANDOM_4    ADD   R0 R0 #2
(31B4) 6480  0110010010000000 ( 473) ADD_RANDOM_RESTORE LDR   R2 R2 #0
(31B5) 7080  0111000010000000 ( 474)                 STR   R0 R2 #0
(31B6) 107F  0001000001111111 ( 475)                 ADD   R0 R1 #-1
(31B7) 1D81  0001110110000001 ( 478) ADD_RANDOM_EXIT ADD   R6 R6 R1
(31B8) 6F80  0110111110000000 ( 479)                 LDR   R7 R6 #0
(31B9) 1DA1  0001110110100001 ( 480)                 ADD   R6 R6 #1
(31BA) C1C0  1100000111000000 ( 482)                 RET   
(31BB) 000B  0000000000001011 ( 485) RANDOM_4_MOD    .FILL x000B
(31BC) 7FBF  0111111110111111 ( 494) CHECK_DEATH     STR   R7 R6 #-1
(31BD) 1DBF  0001110110111111 ( 495)                 ADD   R6 R6 #-1
(31BE) 5920  0101100100100000 ( 497)                 AND   R4 R4 #0
(31BF) 1921  0001100100100001 ( 498)                 ADD   R4 R4 #1
(31C0) 1160  0001000101100000 ( 501) CHECK_DEATH_LOOP ADD   R0 R5 #0
(31C1) 4817  0100100000010111 ( 502)                 JSR   CHECK_DEATH_ROW
(31C2) 040D  0000010000001101 ( 503)                 BRZ   DEATH_FINISHED_CHECKING
(31C3) 1164  0001000101100100 ( 505)                 ADD   R0 R5 #4
(31C4) 4814  0100100000010100 ( 506)                 JSR   CHECK_DEATH_ROW
(31C5) 040A  0000010000001010 ( 507)                 BRZ   DEATH_FINISHED_CHECKING
(31C6) 1168  0001000101101000 ( 509)                 ADD   R0 R5 #8
(31C7) 4811  0100100000010001 ( 510)                 JSR   CHECK_DEATH_ROW
(31C8) 0407  0000010000000111 ( 511)                 BRZ   DEATH_FINISHED_CHECKING
(31C9) 116C  0001000101101100 ( 513)                 ADD   R0 R5 #12
(31CA) 480E  0100100000001110 ( 514)                 JSR   CHECK_DEATH_ROW
(31CB) 0404  0000010000000100 ( 515)                 BRZ   DEATH_FINISHED_CHECKING
(31CC) 193F  0001100100111111 ( 517)                 ADD   R4 R4 #-1
(31CD) 0802  0000100000000010 ( 518)                 BRN   DEATH_FINISHED_CHECKING
(31CE) 4F19  0100111100011001 ( 519)                 JSR   ROTATE_BOARD
(31CF) 0FF0  0000111111110000 ( 520)                 BRNZP CHECK_DEATH_LOOP
(31D0) 1920  0001100100100000 ( 523) DEATH_FINISHED_CHECKING ADD   R4 R4 #0
(31D1) 0203  0000001000000011 ( 524)                 BRP   DEATH_EXIT
(31D2) 4F15  0100111100010101 ( 527) DEATH_ROTATE    JSR   ROTATE_BOARD
(31D3) 4F14  0100111100010100 ( 528)                 JSR   ROTATE_BOARD
(31D4) 4F13  0100111100010011 ( 529)                 JSR   ROTATE_BOARD
(31D5) 6F80  0110111110000000 ( 532) DEATH_EXIT      LDR   R7 R6 #0
(31D6) 1DA1  0001110110100001 ( 533)                 ADD   R6 R6 #1
(31D7) 1060  0001000001100000 ( 534)                 ADD   R0 R1 #0
(31D8) C1C0  1100000111000000 ( 535)                 RET   
(31D9) 6400  0110010000000000 ( 544) CHECK_DEATH_ROW LDR   R2 R0 #0
(31DA) 6601  0110011000000001 ( 545)                 LDR   R3 R0 #1
(31DB) 96FF  1001011011111111 ( 546)                 NOT   R3 R3
(31DC) 16E1  0001011011100001 ( 547)                 ADD   R3 R3 #1
(31DD) 1283  0001001010000011 ( 548)                 ADD   R1 R2 R3
(31DE) 040A  0000010000001010 ( 549)                 BRZ   DEATH_ROW_PLAYS_AVAILABLE
(31DF) 6402  0110010000000010 ( 551)                 LDR   R2 R0 #2
(31E0) 1283  0001001010000011 ( 552)                 ADD   R1 R2 R3
(31E1) 0407  0000010000000111 ( 553)                 BRZ   DEATH_ROW_PLAYS_AVAILABLE
(31E2) 6603  0110011000000011 ( 555)                 LDR   R3 R0 #3
(31E3) 96FF  1001011011111111 ( 556)                 NOT   R3 R3
(31E4) 16E1  0001011011100001 ( 557)                 ADD   R3 R3 #1
(31E5) 1283  0001001010000011 ( 558)                 ADD   R1 R2 R3
(31E6) 0402  0000010000000010 ( 559)                 BRZ   DEATH_ROW_PLAYS_AVAILABLE
(31E7) 5260  0101001001100000 ( 562) DEATH_ROW_NO_PLAYS AND   R1 R1 #0
(31E8) 1261  0001001001100001 ( 563)                 ADD   R1 R1 #1
(31E9) C1C0  1100000111000000 ( 566) DEATH_ROW_PLAYS_AVAILABLE RET   
(31EA) 7FBF  0111111110111111 ( 575) DISPLAY_BOARD   STR   R7 R6 #-1
(31EB) 1DBF  0001110110111111 ( 576)                 ADD   R6 R6 #-1
(31EC) E02F  1110000000101111 ( 578)                 LEA   R0 CLEAR_STRING
(31ED) F022  1111000000100010 ( 579)                 TRAP  x22
(31EE) 227C  0010001001111100 ( 581)                 LD    R1 BOARD_LABELS_TBL_PTR
(31EF) 54A0  0101010010100000 ( 582)                 AND   R2 R2 #0
(31F0) E037  1110000000110111 ( 584)                 LEA   R0 LINE_BORDER
(31F1) F022  1111000000100010 ( 585)                 TRAP  x22
(31F2) 2077  0010000001110111 ( 586)                 LD    R0 NEW_LINE
(31F3) F021  1111000000100001 ( 587)                 TRAP  x21
(31F4) E050  1110000001010000 ( 590) DISPLAY_NEXT_LINE LEA   R0 EMPTY_BORDER
(31F5) F022  1111000000100010 ( 591)                 TRAP  x22
(31F6) 2073  0010000001110011 ( 592)                 LD    R0 NEW_LINE
(31F7) F021  1111000000100001 ( 593)                 TRAP  x21
(31F8) E069  1110000001101001 ( 595)                 LEA   R0 LEFT_BORDER
(31F9) F022  1111000000100010 ( 596)                 TRAP  x22
(31FA) 206E  0010000001101110 ( 599) DISPLAY_NEXT_SPACE LD    R0 SPACE
(31FB) F021  1111000000100001 ( 600)                 TRAP  x21
(31FC) 1742  0001011101000010 ( 602)                 ADD   R3 R5 R2
(31FD) 66C0  0110011011000000 ( 603)                 LDR   R3 R3 #0
(31FE) 14A1  0001010010100001 ( 604)                 ADD   R2 R2 #1
(31FF) 1043  0001000001000011 ( 606)                 ADD   R0 R1 R3
(3200) 6000  0110000000000000 ( 607)                 LDR   R0 R0 #0
(3201) F022  1111000000100010 ( 608)                 TRAP  x22
(3202) 2066  0010000001100110 ( 610)                 LD    R0 SPACE
(3203) F021  1111000000100001 ( 611)                 TRAP  x21
(3204) 10BC  0001000010111100 ( 613)                 ADD   R0 R2 #-4
(3205) 0407  0000010000000111 ( 614)                 BRZ   DISPLAY_RIGHT_BORDER
(3206) 10B8  0001000010111000 ( 615)                 ADD   R0 R2 #-8
(3207) 0405  0000010000000101 ( 616)                 BRZ   DISPLAY_RIGHT_BORDER
(3208) 10B4  0001000010110100 ( 617)                 ADD   R0 R2 #-12
(3209) 0403  0000010000000011 ( 618)                 BRZ   DISPLAY_RIGHT_BORDER
(320A) 10B0  0001000010110000 ( 619)                 ADD   R0 R2 #-16
(320B) 0401  0000010000000001 ( 620)                 BRZ   DISPLAY_RIGHT_BORDER
(320C) 0BED  0000101111101101 ( 621)                 BRNP  DISPLAY_NEXT_SPACE
(320D) E057  1110000001010111 ( 624) DISPLAY_RIGHT_BORDER LEA   R0 RIGHT_BORDER
(320E) F022  1111000000100010 ( 625)                 TRAP  x22
(320F) 10B0  0001000010110000 ( 627)                 ADD   R0 R2 #-16
(3210) 0BE3  0000101111100011 ( 628)                 BRNP  DISPLAY_NEXT_LINE
(3211) E033  1110000000110011 ( 631) DISPLAY_BOTTOM_BORDER LEA   R0 EMPTY_BORDER
(3212) F022  1111000000100010 ( 632)                 TRAP  x22
(3213) 2056  0010000001010110 ( 633)                 LD    R0 NEW_LINE
(3214) F021  1111000000100001 ( 634)                 TRAP  x21
(3215) E012  1110000000010010 ( 635)                 LEA   R0 LINE_BORDER
(3216) F022  1111000000100010 ( 636)                 TRAP  x22
(3217) 2052  0010000001010010 ( 637)                 LD    R0 NEW_LINE
(3218) F021  1111000000100001 ( 638)                 TRAP  x21
(3219) 6F80  0110111110000000 ( 641) DIS_FINISH      LDR   R7 R6 #0
(321A) 1DA1  0001110110100001 ( 642)                 ADD   R6 R6 #1
(321B) C1C0  1100000111000000 ( 643)                 RET   
(321C) 0065  0000000001100101 ( 647) CLEAR_STRING    .FILL x0065
(321D) 005B  0000000001011011 ( 647)                 .FILL x005B
(321E) 0032  0000000000110010 ( 647)                 .FILL x0032
(321F) 004A  0000000001001010 ( 647)                 .FILL x004A
(3220) 0065  0000000001100101 ( 647)                 .FILL x0065
(3221) 005B  0000000001011011 ( 647)                 .FILL x005B
(3222) 0048  0000000001001000 ( 647)                 .FILL x0048
(3223) 0065  0000000001100101 ( 647)                 .FILL x0065
(3224) 005B  0000000001011011 ( 647)                 .FILL x005B
(3225) 0033  0000000000110011 ( 647)                 .FILL x0033
(3226) 004A  0000000001001010 ( 647)                 .FILL x004A
(3227) 0000  0000000000000000 ( 647)                 .FILL x0000
(3228) 002B  0000000000101011 ( 648) LINE_BORDER     .FILL x002B
(3229) 002D  0000000000101101 ( 648)                 .FILL x002D
(322A) 002D  0000000000101101 ( 648)                 .FILL x002D
(322B) 002D  0000000000101101 ( 648)                 .FILL x002D
(322C) 002D  0000000000101101 ( 648)                 .FILL x002D
(322D) 002D  0000000000101101 ( 648)                 .FILL x002D
(322E) 002D  0000000000101101 ( 648)                 .FILL x002D
(322F) 002D  0000000000101101 ( 648)                 .FILL x002D
(3230) 002D  0000000000101101 ( 648)                 .FILL x002D
(3231) 002D  0000000000101101 ( 648)                 .FILL x002D
(3232) 002D  0000000000101101 ( 648)                 .FILL x002D
(3233) 002D  0000000000101101 ( 648)                 .FILL x002D
(3234) 002D  0000000000101101 ( 648)                 .FILL x002D
(3235) 002D  0000000000101101 ( 648)                 .FILL x002D
(3236) 002D  0000000000101101 ( 648)                 .FILL x002D
(3237) 002D  0000000000101101 ( 648)                 .FILL x002D
(3238) 002D  0000000000101101 ( 648)                 .FILL x002D
(3239) 002D  0000000000101101 ( 648)                 .FILL x002D
(323A) 002D  0000000000101101 ( 648)                 .FILL x002D
(323B) 002D  0000000000101101 ( 648)                 .FILL x002D
(323C) 002D  0000000000101101 ( 648)                 .FILL x002D
(323D) 002D  0000000000101101 ( 648)                 .FILL x002D
(323E) 002D  0000000000101101 ( 648)                 .FILL x002D
(323F) 002D  0000000000101101 ( 648)                 .FILL x002D
(3240) 002D  0000000000101101 ( 648)                 .FILL x002D
(3241) 002D  0000000000101101 ( 648)                 .FILL x002D
(3242) 002D  0000000000101101 ( 648)                 .FILL x002D
(3243) 002B  0000000000101011 ( 648)                 .FILL x002B
(3244) 0000  0000000000000000 ( 648)                 .FILL x0000
(3245) 007C  0000000001111100 ( 649) EMPTY_BORDER    .FILL x007C
(3246) 0020  0000000000100000 ( 649)                 .FILL x0020
(3247) 0020  0000000000100000 ( 649)                 .FILL x0020
(3248) 0020  0000000000100000 ( 649)                 .FILL x0020
(3249) 0020  0000000000100000 ( 649)                 .FILL x0020
(324A) 0020  0000000000100000 ( 649)                 .FILL x0020
(324B) 0020  0000000000100000 ( 649)                 .FILL x0020
(324C) 0020  0000000000100000 ( 649)                 .FILL x0020
(324D) 0020  0000000000100000 ( 649)                 .FILL x0020
(324E) 0020  0000000000100000 ( 649)                 .FILL x0020
(324F) 0020  0000000000100000 ( 649)                 .FILL x0020
(3250) 0020  0000000000100000 ( 649)                 .FILL x0020
(3251) 0020  0000000000100000 ( 649)                 .FILL x0020
(3252) 0020  0000000000100000 ( 649)                 .FILL x0020
(3253) 0020  0000000000100000 ( 649)                 .FILL x0020
(3254) 0020  0000000000100000 ( 649)                 .FILL x0020
(3255) 0020  0000000000100000 ( 649)                 .FILL x0020
(3256) 0020  0000000000100000 ( 649)                 .FILL x0020
(3257) 0020  0000000000100000 ( 649)                 .FILL x0020
(3258) 0020  0000000000100000 ( 649)                 .FILL x0020
(3259) 0020  0000000000100000 ( 649)                 .FILL x0020
(325A) 0020  0000000000100000 ( 649)                 .FILL x0020
(325B) 0020  0000000000100000 ( 649)                 .FILL x0020
(325C) 0020  0000000000100000 ( 649)                 .FILL x0020
(325D) 0020  0000000000100000 ( 649)                 .FILL x0020
(325E) 0020  0000000000100000 ( 649)                 .FILL x0020
(325F) 0020  0000000000100000 ( 649)                 .FILL x0020
(3260) 007C  0000000001111100 ( 649)                 .FILL x007C
(3261) 0000  0000000000000000 ( 649)                 .FILL x0000
(3262) 007C  0000000001111100 ( 650) LEFT_BORDER     .FILL x007C
(3263) 0020  0000000000100000 ( 650)                 .FILL x0020
(3264) 0000  0000000000000000 ( 650)                 .FILL x0000
(3265) 0020  0000000000100000 ( 651) RIGHT_BORDER    .FILL x0020
(3266) 007C  0000000001111100 ( 651)                 .FILL x007C
(3267) 000A  0000000000001010 ( 651)                 .FILL x000A
(3268) 0000  0000000000000000 ( 651)                 .FILL x0000
(3269) 0020  0000000000100000 ( 653) SPACE           .FILL x0020
(326A) 000A  0000000000001010 ( 654) NEW_LINE        .FILL x000A
(326B) 330E  0011001100001110 ( 657) BOARD_LABELS_TBL_PTR .FILL x330E
(326C) 71BF  0111000110111111 ( 666) RAND_MOD        STR   R0 R6 #-1
(326D) 73BE  0111001110111110 ( 667)                 STR   R1 R6 #-2
(326E) 75BD  0111010110111101 ( 668)                 STR   R2 R6 #-3
(326F) 7FBC  0111111110111100 ( 669)                 STR   R7 R6 #-4
(3270) 1DBC  0001110110111100 ( 670)                 ADD   R6 R6 #-4
(3271) 200D  0010000000001101 ( 672)                 LD    R0 RAND_SEED
(3272) 220F  0010001000001111 ( 673)                 LD    R1 RAND_Q
(3273) 485B  0100100001011011 ( 674)                 JSR   MOD_DIV
(3274) 220B  0010001000001011 ( 676)                 LD    R1 RAND_A
(3275) 486D  0100100001101101 ( 677)                 JSR   MULT
(3276) 3008  0011000000001000 ( 678)                 ST    R0 RAND_SEED
(3277) 6383  0110001110000011 ( 680)                 LDR   R1 R6 #3
(3278) 4856  0100100001010110 ( 681)                 JSR   MOD_DIV
(3279) 6F80  0110111110000000 ( 683)                 LDR   R7 R6 #0
(327A) 6581  0110010110000001 ( 684)                 LDR   R2 R6 #1
(327B) 6382  0110001110000010 ( 685)                 LDR   R1 R6 #2
(327C) 1DA4  0001110110100100 ( 686)                 ADD   R6 R6 #4
(327D) C1C0  1100000111000000 ( 687)                 RET   
(327E) 0000  0000000000000000 ( 690) RAND_INIT       .FILL x0000
(327F) C20D  1100001000001101 ( 691) RAND_SEED       .FILL xC20D
(3280) 0007  0000000000000111 ( 692) RAND_A          .FILL x0007
(3281) 7FFF  0111111111111111 ( 693) RAND_M          .FILL x7FFF
(3282) 1249  0001001001001001 ( 694) RAND_Q          .FILL x1249
(3283) 71BF  0111000110111111 ( 703) PROMPT          STR   R0 R6 #-1
(3284) 73BE  0111001110111110 ( 704)                 STR   R1 R6 #-2
(3285) 7FBD  0111111110111101 ( 705)                 STR   R7 R6 #-3
(3286) 1DBD  0001110110111101 ( 706)                 ADD   R6 R6 #-3
(3287) 6182  0110000110000010 ( 709) PROMPT_LOOP     LDR   R0 R6 #2
(3288) F022  1111000000100010 ( 710)                 TRAP  x22
(3289) 4834  0100100000110100 ( 712)                 JSR   GETC_SEED
(328A) F021  1111000000100001 ( 713)                 TRAP  x21
(328B) 1220  0001001000100000 ( 715)                 ADD   R1 R0 #0
(328C) 2030  0010000000110000 ( 716)                 LD    R0 PROMPT_NEW_LINE
(328D) F021  1111000000100001 ( 717)                 TRAP  x21
(328E) 202C  0010000000101100 ( 719)                 LD    R0 PROMPT_RESPONSE_y
(328F) 1001  0001000000000001 ( 720)                 ADD   R0 R0 R1
(3290) 040A  0000010000001010 ( 721)                 BRZ   PROMPT_YES
(3291) 202A  0010000000101010 ( 723)                 LD    R0 PROMPT_RESPONSE_n
(3292) 1001  0001000000000001 ( 724)                 ADD   R0 R0 R1
(3293) 0405  0000010000000101 ( 725)                 BRZ   PROMPT_NO
(3294) 1060  0001000001100000 ( 728) PROMPT_INVALID  ADD   R0 R1 #0
(3295) F021  1111000000100001 ( 729)                 TRAP  x21
(3296) E00B  1110000000001011 ( 730)                 LEA   R0 PROMPT_INVALID_MESSAGE
(3297) F022  1111000000100010 ( 731)                 TRAP  x22
(3298) 0FEE  0000111111101110 ( 732)                 BRNZP PROMPT_LOOP
(3299) 5020  0101000000100000 ( 735) PROMPT_NO       AND   R0 R0 #0
(329A) 0E02  0000111000000010 ( 736)                 BRNZP PROMPT_EXIT
(329B) 5020  0101000000100000 ( 739) PROMPT_YES      AND   R0 R0 #0
(329C) 1021  0001000000100001 ( 740)                 ADD   R0 R0 #1
(329D) 6F80  0110111110000000 ( 743) PROMPT_EXIT     LDR   R7 R6 #0
(329E) 6381  0110001110000001 ( 744)                 LDR   R1 R6 #1
(329F) 1DA3  0001110110100011 ( 745)                 ADD   R6 R6 #3
(32A0) 1020  0001000000100000 ( 746)                 ADD   R0 R0 #0
(32A1) C1C0  1100000111000000 ( 747)                 RET   
(32A2) 0020  0000000000100000 ( 750) PROMPT_INVALID_MESSAGE .FILL x0020
(32A3) 0069  0000000001101001 ( 750)                 .FILL x0069
(32A4) 0073  0000000001110011 ( 750)                 .FILL x0073
(32A5) 0020  0000000000100000 ( 750)                 .FILL x0020
(32A6) 006E  0000000001101110 ( 750)                 .FILL x006E
(32A7) 006F  0000000001101111 ( 750)                 .FILL x006F
(32A8) 0074  0000000001110100 ( 750)                 .FILL x0074
(32A9) 0020  0000000000100000 ( 750)                 .FILL x0020
(32AA) 0061  0000000001100001 ( 750)                 .FILL x0061
(32AB) 0020  0000000000100000 ( 750)                 .FILL x0020
(32AC) 0076  0000000001110110 ( 750)                 .FILL x0076
(32AD) 0061  0000000001100001 ( 750)                 .FILL x0061
(32AE) 006C  0000000001101100 ( 750)                 .FILL x006C
(32AF) 0069  0000000001101001 ( 750)                 .FILL x0069
(32B0) 0064  0000000001100100 ( 750)                 .FILL x0064
(32B1) 0020  0000000000100000 ( 750)                 .FILL x0020
(32B2) 0069  0000000001101001 ( 750)                 .FILL x0069
(32B3) 006E  0000000001101110 ( 750)                 .FILL x006E
(32B4) 0070  0000000001110000 ( 750)                 .FILL x0070
(32B5) 0075  0000000001110101 ( 750)                 .FILL x0075
(32B6) 0074  0000000001110100 ( 750)                 .FILL x0074
(32B7) 002E  0000000000101110 ( 750)                 .FILL x002E
(32B8) 000A  0000000000001010 ( 750)                 .FILL x000A
(32B9) 000A  0000000000001010 ( 750)                 .FILL x000A
(32BA) 0000  0000000000000000 ( 750)                 .FILL x0000
(32BB) FF87  1111111110000111 ( 751) PROMPT_RESPONSE_y .FILL xFF87
(32BC) FF92  1111111110010010 ( 752) PROMPT_RESPONSE_n .FILL xFF92
(32BD) 000A  0000000000001010 ( 753) PROMPT_NEW_LINE .FILL x000A
(32BE) 73BF  0111001110111111 ( 762) GETC_SEED       STR   R1 R6 #-1
(32BF) 1DBF  0001110110111111 ( 763)                 ADD   R6 R6 #-1
(32C0) 5260  0101001001100000 ( 765)                 AND   R1 R1 #0
(32C1) 1261  0001001001100001 ( 767) GETC_SEED_LOOP  ADD   R1 R1 #1
(32C2) A009  1010000000001001 ( 768)                 LDI   R0 OS_KBSR
(32C3) 07FD  0000011111111101 ( 769)                 BRZP  GETC_SEED_LOOP
(32C4) 2009  0010000000001001 ( 771)                 LD    R0 SEED_MASK
(32C5) 5240  0101001001000000 ( 772)                 AND   R1 R1 R0
(32C6) A006  1010000000000110 ( 774)                 LDI   R0 OS_KBDR
(32C7) 33B7  0011001110110111 ( 775)                 ST    R1 RAND_SEED
(32C8) 33B5  0011001110110101 ( 776)                 ST    R1 RAND_INIT
(32C9) 6380  0110001110000000 ( 778)                 LDR   R1 R6 #0
(32CA) 1DA1  0001110110100001 ( 779)                 ADD   R6 R6 #1
(32CB) C1C0  1100000111000000 ( 780)                 RET   
(32CC) FE00  1111111000000000 ( 783) OS_KBSR         .FILL xFE00
(32CD) FE02  1111111000000010 ( 784) OS_KBDR         .FILL xFE02
(32CE) 7FFF  0111111111111111 ( 785) SEED_MASK       .FILL x7FFF
(32CF) 73BF  0111001110111111 ( 794) MOD_DIV         STR   R1 R6 #-1
(32D0) 75BE  0111010110111110 ( 795)                 STR   R2 R6 #-2
(32D1) 77BD  0111011110111101 ( 796)                 STR   R3 R6 #-3
(32D2) 1DBD  0001110110111101 ( 797)                 ADD   R6 R6 #-3
(32D3) 947F  1001010001111111 ( 799)                 NOT   R2 R1
(32D4) 14A1  0001010010100001 ( 800)                 ADD   R2 R2 #1
(32D5) 040C  0000010000001100 ( 801)                 BRZ   MOD_DIV_EX
(32D6) 5260  0101001001100000 ( 803)                 AND   R1 R1 #0
(32D7) 1261  0001001001100001 ( 806) MOD_DIV_LOOP    ADD   R1 R1 #1
(32D8) 1002  0001000000000010 ( 807)                 ADD   R0 R0 R2
(32D9) 03FD  0000001111111101 ( 808)                 BRP   MOD_DIV_LOOP
(32DA) 0403  0000010000000011 ( 809)                 BRZ   MOD_DIV_END
(32DB) 6582  0110010110000010 ( 812)                 LDR   R2 R6 #2
(32DC) 127F  0001001001111111 ( 813)                 ADD   R1 R1 #-1
(32DD) 1002  0001000000000010 ( 814)                 ADD   R0 R0 R2
(32DE) 6780  0110011110000000 ( 817) MOD_DIV_END     LDR   R3 R6 #0
(32DF) 6581  0110010110000001 ( 818)                 LDR   R2 R6 #1
(32E0) 1DA3  0001110110100011 ( 819)                 ADD   R6 R6 #3
(32E1) C1C0  1100000111000000 ( 820)                 RET   
(32E2) F025  1111000000100101 ( 823) MOD_DIV_EX      TRAP  x25
(32E3) 1020  0001000000100000 ( 832) MULT            ADD   R0 R0 #0
(32E4) 0416  0000010000010110 ( 833)                 BRZ   MULT_ZERO
(32E5) 1260  0001001001100000 ( 834)                 ADD   R1 R1 #0
(32E6) 0414  0000010000010100 ( 835)                 BRZ   MULT_ZERO
(32E7) 73BF  0111001110111111 ( 837)                 STR   R1 R6 #-1
(32E8) 75BE  0111010110111110 ( 838)                 STR   R2 R6 #-2
(32E9) 77BD  0111011110111101 ( 839)                 STR   R3 R6 #-3
(32EA) 79BC  0111100110111100 ( 840)                 STR   R4 R6 #-4
(32EB) 1DBC  0001110110111100 ( 841)                 ADD   R6 R6 #-4
(32EC) 54A0  0101010010100000 ( 843)                 AND   R2 R2 #0
(32ED) 16A1  0001011010100001 ( 844)                 ADD   R3 R2 #1
(32EE) 5803  0101100000000011 ( 847) MULT_LOOP       AND   R4 R0 R3
(32EF) 0C01  0000110000000001 ( 848)                 BRNZ  x32F1
(32F0) 1481  0001010010000001 ( 849)                 ADD   R2 R2 R1
(32F1) 1241  0001001001000001 ( 850)                 ADD   R1 R1 R1
(32F2) 16C3  0001011011000011 ( 851)                 ADD   R3 R3 R3
(32F3) 03FA  0000001111111010 ( 852)                 BRP   MULT_LOOP
(32F4) 10A0  0001000010100000 ( 854)                 ADD   R0 R2 #0
(32F5) 6980  0110100110000000 ( 857) MULT_END        LDR   R4 R6 #0
(32F6) 6781  0110011110000001 ( 858)                 LDR   R3 R6 #1
(32F7) 6582  0110010110000010 ( 859)                 LDR   R2 R6 #2
(32F8) 6383  0110001110000011 ( 860)                 LDR   R1 R6 #3
(32F9) 1DA4  0001110110100100 ( 861)                 ADD   R6 R6 #4
(32FA) C1C0  1100000111000000 ( 862)                 RET   
(32FB) 5020  0101000000100000 ( 865) MULT_ZERO       AND   R0 R0 #0
(32FC) C1C0  1100000111000000 ( 866)                 RET   
(32FD) 331F  0011001100011111 ( 875) TEXT_BOARD_LABELS_TBL .FILL x331F
(32FE) 3324  0011001100100100 ( 876)                 .FILL x3324
(32FF) 3329  0011001100101001 ( 877)                 .FILL x3329
(3300) 332E  0011001100101110 ( 878)                 .FILL x332E
(3301) 3333  0011001100110011 ( 879)                 .FILL x3333
(3302) 3338  0011001100111000 ( 880)                 .FILL x3338
(3303) 333D  0011001100111101 ( 881)                 .FILL x333D
(3304) 3342  0011001101000010 ( 882)                 .FILL x3342
(3305) 3347  0011001101000111 ( 883)                 .FILL x3347
(3306) 334C  0011001101001100 ( 884)                 .FILL x334C
(3307) 3351  0011001101010001 ( 885)                 .FILL x3351
(3308) 3356  0011001101010110 ( 886)                 .FILL x3356
(3309) 335B  0011001101011011 ( 887)                 .FILL x335B
(330A) 3360  0011001101100000 ( 888)                 .FILL x3360
(330B) 3365  0011001101100101 ( 889)                 .FILL x3365
(330C) 336A  0011001101101010 ( 890)                 .FILL x336A
(330D) 336F  0011001101101111 ( 891)                 .FILL x336F
(330E) 3374  0011001101110100 ( 893) ANSI_BOARD_LABELS_TBL .FILL x3374
(330F) 3379  0011001101111001 ( 894)                 .FILL x3379
(3310) 3387  0011001110000111 ( 895)                 .FILL x3387
(3311) 3397  0011001110010111 ( 896)                 .FILL x3397
(3312) 33A5  0011001110100101 ( 897)                 .FILL x33A5
(3313) 33B3  0011001110110011 ( 898)                 .FILL x33B3
(3314) 33C3  0011001111000011 ( 899)                 .FILL x33C3
(3315) 33D3  0011001111010011 ( 900)                 .FILL x33D3
(3316) 33E1  0011001111100001 ( 901)                 .FILL x33E1
(3317) 33EF  0011001111101111 ( 902)                 .FILL x33EF
(3318) 33FD  0011001111111101 ( 903)                 .FILL x33FD
(3319) 340D  0011010000001101 ( 904)                 .FILL x340D
(331A) 341D  0011010000011101 ( 905)                 .FILL x341D
(331B) 342D  0011010000101101 ( 906)                 .FILL x342D
(331C) 343E  0011010000111110 ( 907)                 .FILL x343E
(331D) 344F  0011010001001111 ( 908)                 .FILL x344F
(331E) 3460  0011010001100000 ( 909)                 .FILL x3460
(331F) 0020  0000000000100000 ( 912) TEXT_BOARD_LABELS_0 .FILL x0020
(3320) 0020  0000000000100000 ( 912)                 .FILL x0020
(3321) 0020  0000000000100000 ( 912)                 .FILL x0020
(3322) 0020  0000000000100000 ( 912)                 .FILL x0020
(3323) 0000  0000000000000000 ( 912)                 .FILL x0000
(3324) 0020  0000000000100000 ( 913) TEXT_BOARD_LABELS_1 .FILL x0020
(3325) 0032  0000000000110010 ( 913)                 .FILL x0032
(3326) 0020  0000000000100000 ( 913)                 .FILL x0020
(3327) 0020  0000000000100000 ( 913)                 .FILL x0020
(3328) 0000  0000000000000000 ( 913)                 .FILL x0000
(3329) 0020  0000000000100000 ( 914) TEXT_BOARD_LABELS_2 .FILL x0020
(332A) 0034  0000000000110100 ( 914)                 .FILL x0034
(332B) 0020  0000000000100000 ( 914)                 .FILL x0020
(332C) 0020  0000000000100000 ( 914)                 .FILL x0020
(332D) 0000  0000000000000000 ( 914)                 .FILL x0000
(332E) 0020  0000000000100000 ( 915) TEXT_BOARD_LABELS_3 .FILL x0020
(332F) 0038  0000000000111000 ( 915)                 .FILL x0038
(3330) 0020  0000000000100000 ( 915)                 .FILL x0020
(3331) 0020  0000000000100000 ( 915)                 .FILL x0020
(3332) 0000  0000000000000000 ( 915)                 .FILL x0000
(3333) 0020  0000000000100000 ( 916) TEXT_BOARD_LABELS_4 .FILL x0020
(3334) 0031  0000000000110001 ( 916)                 .FILL x0031
(3335) 0036  0000000000110110 ( 916)                 .FILL x0036
(3336) 0020  0000000000100000 ( 916)                 .FILL x0020
(3337) 0000  0000000000000000 ( 916)                 .FILL x0000
(3338) 0020  0000000000100000 ( 917) TEXT_BOARD_LABELS_5 .FILL x0020
(3339) 0033  0000000000110011 ( 917)                 .FILL x0033
(333A) 0032  0000000000110010 ( 917)                 .FILL x0032
(333B) 0020  0000000000100000 ( 917)                 .FILL x0020
(333C) 0000  0000000000000000 ( 917)                 .FILL x0000
(333D) 0020  0000000000100000 ( 918) TEXT_BOARD_LABELS_6 .FILL x0020
(333E) 0036  0000000000110110 ( 918)                 .FILL x0036
(333F) 0034  0000000000110100 ( 918)                 .FILL x0034
(3340) 0020  0000000000100000 ( 918)                 .FILL x0020
(3341) 0000  0000000000000000 ( 918)                 .FILL x0000
(3342) 0031  0000000000110001 ( 919) TEXT_BOARD_LABELS_7 .FILL x0031
(3343) 0032  0000000000110010 ( 919)                 .FILL x0032
(3344) 0038  0000000000111000 ( 919)                 .FILL x0038
(3345) 0020  0000000000100000 ( 919)                 .FILL x0020
(3346) 0000  0000000000000000 ( 919)                 .FILL x0000
(3347) 0032  0000000000110010 ( 920) TEXT_BOARD_LABELS_8 .FILL x0032
(3348) 0035  0000000000110101 ( 920)                 .FILL x0035
(3349) 0036  0000000000110110 ( 920)                 .FILL x0036
(334A) 0020  0000000000100000 ( 920)                 .FILL x0020
(334B) 0000  0000000000000000 ( 920)                 .FILL x0000
(334C) 0035  0000000000110101 ( 921) TEXT_BOARD_LABELS_9 .FILL x0035
(334D) 0031  0000000000110001 ( 921)                 .FILL x0031
(334E) 0032  0000000000110010 ( 921)                 .FILL x0032
(334F) 0020  0000000000100000 ( 921)                 .FILL x0020
(3350) 0000  0000000000000000 ( 921)                 .FILL x0000
(3351) 0031  0000000000110001 ( 922) TEXT_BOARD_LABELS_10 .FILL x0031
(3352) 0030  0000000000110000 ( 922)                 .FILL x0030
(3353) 0032  0000000000110010 ( 922)                 .FILL x0032
(3354) 0034  0000000000110100 ( 922)                 .FILL x0034
(3355) 0000  0000000000000000 ( 922)                 .FILL x0000
(3356) 0032  0000000000110010 ( 923) TEXT_BOARD_LABELS_11 .FILL x0032
(3357) 0030  0000000000110000 ( 923)                 .FILL x0030
(3358) 0034  0000000000110100 ( 923)                 .FILL x0034
(3359) 0038  0000000000111000 ( 923)                 .FILL x0038
(335A) 0000  0000000000000000 ( 923)                 .FILL x0000
(335B) 0034  0000000000110100 ( 924) TEXT_BOARD_LABELS_12 .FILL x0034
(335C) 0030  0000000000110000 ( 924)                 .FILL x0030
(335D) 0039  0000000000111001 ( 924)                 .FILL x0039
(335E) 0036  0000000000110110 ( 924)                 .FILL x0036
(335F) 0000  0000000000000000 ( 924)                 .FILL x0000
(3360) 0038  0000000000111000 ( 925) TEXT_BOARD_LABELS_13 .FILL x0038
(3361) 0031  0000000000110001 ( 925)                 .FILL x0031
(3362) 0039  0000000000111001 ( 925)                 .FILL x0039
(3363) 0032  0000000000110010 ( 925)                 .FILL x0032
(3364) 0000  0000000000000000 ( 925)                 .FILL x0000
(3365) 0032  0000000000110010 ( 926) TEXT_BOARD_LABELS_14 .FILL x0032
(3366) 005E  0000000001011110 ( 926)                 .FILL x005E
(3367) 0031  0000000000110001 ( 926)                 .FILL x0031
(3368) 0034  0000000000110100 ( 926)                 .FILL x0034
(3369) 0000  0000000000000000 ( 926)                 .FILL x0000
(336A) 0032  0000000000110010 ( 927) TEXT_BOARD_LABELS_15 .FILL x0032
(336B) 005E  0000000001011110 ( 927)                 .FILL x005E
(336C) 0031  0000000000110001 ( 927)                 .FILL x0031
(336D) 0035  0000000000110101 ( 927)                 .FILL x0035
(336E) 0000  0000000000000000 ( 927)                 .FILL x0000
(336F) 0032  0000000000110010 ( 928) TEXT_BOARD_LABELS_16 .FILL x0032
(3370) 005E  0000000001011110 ( 928)                 .FILL x005E
(3371) 0031  0000000000110001 ( 928)                 .FILL x0031
(3372) 0036  0000000000110110 ( 928)                 .FILL x0036
(3373) 0000  0000000000000000 ( 928)                 .FILL x0000
(3374) 0020  0000000000100000 ( 931) ANSI_BOARD_LABELS_0 .FILL x0020
(3375) 0020  0000000000100000 ( 931)                 .FILL x0020
(3376) 0020  0000000000100000 ( 931)                 .FILL x0020
(3377) 0020  0000000000100000 ( 931)                 .FILL x0020
(3378) 0000  0000000000000000 ( 931)                 .FILL x0000
(3379) 0065  0000000001100101 ( 932) ANSI_BOARD_LABELS_1 .FILL x0065
(337A) 005B  0000000001011011 ( 932)                 .FILL x005B
(337B) 0033  0000000000110011 ( 932)                 .FILL x0033
(337C) 0037  0000000000110111 ( 932)                 .FILL x0037
(337D) 006D  0000000001101101 ( 932)                 .FILL x006D
(337E) 0020  0000000000100000 ( 932)                 .FILL x0020
(337F) 0032  0000000000110010 ( 932)                 .FILL x0032
(3380) 0020  0000000000100000 ( 932)                 .FILL x0020
(3381) 0020  0000000000100000 ( 932)                 .FILL x0020
(3382) 0065  0000000001100101 ( 932)                 .FILL x0065
(3383) 005B  0000000001011011 ( 932)                 .FILL x005B
(3384) 0030  0000000000110000 ( 932)                 .FILL x0030
(3385) 006D  0000000001101101 ( 932)                 .FILL x006D
(3386) 0000  0000000000000000 ( 932)                 .FILL x0000
(3387) 0065  0000000001100101 ( 933) ANSI_BOARD_LABELS_2 .FILL x0065
(3388) 005B  0000000001011011 ( 933)                 .FILL x005B
(3389) 0031  0000000000110001 ( 933)                 .FILL x0031
(338A) 003B  0000000000111011 ( 933)                 .FILL x003B
(338B) 0033  0000000000110011 ( 933)                 .FILL x0033
(338C) 0037  0000000000110111 ( 933)                 .FILL x0037
(338D) 006D  0000000001101101 ( 933)                 .FILL x006D
(338E) 0020  0000000000100000 ( 933)                 .FILL x0020
(338F) 0034  0000000000110100 ( 933)                 .FILL x0034
(3390) 0020  0000000000100000 ( 933)                 .FILL x0020
(3391) 0020  0000000000100000 ( 933)                 .FILL x0020
(3392) 0065  0000000001100101 ( 933)                 .FILL x0065
(3393) 005B  0000000001011011 ( 933)                 .FILL x005B
(3394) 0030  0000000000110000 ( 933)                 .FILL x0030
(3395) 006D  0000000001101101 ( 933)                 .FILL x006D
(3396) 0000  0000000000000000 ( 933)                 .FILL x0000
(3397) 0065  0000000001100101 ( 934) ANSI_BOARD_LABELS_3 .FILL x0065
(3398) 005B  0000000001011011 ( 934)                 .FILL x005B
(3399) 0033  0000000000110011 ( 934)                 .FILL x0033
(339A) 0031  0000000000110001 ( 934)                 .FILL x0031
(339B) 006D  0000000001101101 ( 934)                 .FILL x006D
(339C) 0020  0000000000100000 ( 934)                 .FILL x0020
(339D) 0038  0000000000111000 ( 934)                 .FILL x0038
(339E) 0020  0000000000100000 ( 934)                 .FILL x0020
(339F) 0020  0000000000100000 ( 934)                 .FILL x0020
(33A0) 0065  0000000001100101 ( 934)                 .FILL x0065
(33A1) 005B  0000000001011011 ( 934)                 .FILL x005B
(33A2) 0030  0000000000110000 ( 934)                 .FILL x0030
(33A3) 006D  0000000001101101 ( 934)                 .FILL x006D
(33A4) 0000  0000000000000000 ( 934)                 .FILL x0000
(33A5) 0065  0000000001100101 ( 935) ANSI_BOARD_LABELS_4 .FILL x0065
(33A6) 005B  0000000001011011 ( 935)                 .FILL x005B
(33A7) 0033  0000000000110011 ( 935)                 .FILL x0033
(33A8) 0031  0000000000110001 ( 935)                 .FILL x0031
(33A9) 006D  0000000001101101 ( 935)                 .FILL x006D
(33AA) 0020  0000000000100000 ( 935)                 .FILL x0020
(33AB) 0031  0000000000110001 ( 935)                 .FILL x0031
(33AC) 0036  0000000000110110 ( 935)                 .FILL x0036
(33AD) 0020  0000000000100000 ( 935)                 .FILL x0020
(33AE) 0065  0000000001100101 ( 935)                 .FILL x0065
(33AF) 005B  0000000001011011 ( 935)                 .FILL x005B
(33B0) 0030  0000000000110000 ( 935)                 .FILL x0030
(33B1) 006D  0000000001101101 ( 935)                 .FILL x006D
(33B2) 0000  0000000000000000 ( 935)                 .FILL x0000
(33B3) 0065  0000000001100101 ( 936) ANSI_BOARD_LABELS_5 .FILL x0065
(33B4) 005B  0000000001011011 ( 936)                 .FILL x005B
(33B5) 0031  0000000000110001 ( 936)                 .FILL x0031
(33B6) 003B  0000000000111011 ( 936)                 .FILL x003B
(33B7) 0033  0000000000110011 ( 936)                 .FILL x0033
(33B8) 0031  0000000000110001 ( 936)                 .FILL x0031
(33B9) 006D  0000000001101101 ( 936)                 .FILL x006D
(33BA) 0020  0000000000100000 ( 936)                 .FILL x0020
(33BB) 0033  0000000000110011 ( 936)                 .FILL x0033
(33BC) 0032  0000000000110010 ( 936)                 .FILL x0032
(33BD) 0020  0000000000100000 ( 936)                 .FILL x0020
(33BE) 0065  0000000001100101 ( 936)                 .FILL x0065
(33BF) 005B  0000000001011011 ( 936)                 .FILL x005B
(33C0) 0030  0000000000110000 ( 936)                 .FILL x0030
(33C1) 006D  0000000001101101 ( 936)                 .FILL x006D
(33C2) 0000  0000000000000000 ( 936)                 .FILL x0000
(33C3) 0065  0000000001100101 ( 937) ANSI_BOARD_LABELS_6 .FILL x0065
(33C4) 005B  0000000001011011 ( 937)                 .FILL x005B
(33C5) 0031  0000000000110001 ( 937)                 .FILL x0031
(33C6) 003B  0000000000111011 ( 937)                 .FILL x003B
(33C7) 0033  0000000000110011 ( 937)                 .FILL x0033
(33C8) 0031  0000000000110001 ( 937)                 .FILL x0031
(33C9) 006D  0000000001101101 ( 937)                 .FILL x006D
(33CA) 0020  0000000000100000 ( 937)                 .FILL x0020
(33CB) 0036  0000000000110110 ( 937)                 .FILL x0036
(33CC) 0034  0000000000110100 ( 937)                 .FILL x0034
(33CD) 0020  0000000000100000 ( 937)                 .FILL x0020
(33CE) 0065  0000000001100101 ( 937)                 .FILL x0065
(33CF) 005B  0000000001011011 ( 937)                 .FILL x005B
(33D0) 0030  0000000000110000 ( 937)                 .FILL x0030
(33D1) 006D  0000000001101101 ( 937)                 .FILL x006D
(33D2) 0000  0000000000000000 ( 937)                 .FILL x0000
(33D3) 0065  0000000001100101 ( 938) ANSI_BOARD_LABELS_7 .FILL x0065
(33D4) 005B  0000000001011011 ( 938)                 .FILL x005B
(33D5) 0033  0000000000110011 ( 938)                 .FILL x0033
(33D6) 0033  0000000000110011 ( 938)                 .FILL x0033
(33D7) 006D  0000000001101101 ( 938)                 .FILL x006D
(33D8) 0031  0000000000110001 ( 938)                 .FILL x0031
(33D9) 0032  0000000000110010 ( 938)                 .FILL x0032
(33DA) 0038  0000000000111000 ( 938)                 .FILL x0038
(33DB) 0020  0000000000100000 ( 938)                 .FILL x0020
(33DC) 0065  0000000001100101 ( 938)                 .FILL x0065
(33DD) 005B  0000000001011011 ( 938)                 .FILL x005B
(33DE) 0030  0000000000110000 ( 938)                 .FILL x0030
(33DF) 006D  0000000001101101 ( 938)                 .FILL x006D
(33E0) 0000  0000000000000000 ( 938)                 .FILL x0000
(33E1) 0065  0000000001100101 ( 939) ANSI_BOARD_LABELS_8 .FILL x0065
(33E2) 005B  0000000001011011 ( 939)                 .FILL x005B
(33E3) 0033  0000000000110011 ( 939)                 .FILL x0033
(33E4) 0033  0000000000110011 ( 939)                 .FILL x0033
(33E5) 006D  0000000001101101 ( 939)                 .FILL x006D
(33E6) 0032  0000000000110010 ( 939)                 .FILL x0032
(33E7) 0035  0000000000110101 ( 939)                 .FILL x0035
(33E8) 0036  0000000000110110 ( 939)                 .FILL x0036
(33E9) 0020  0000000000100000 ( 939)                 .FILL x0020
(33EA) 0065  0000000001100101 ( 939)                 .FILL x0065
(33EB) 005B  0000000001011011 ( 939)                 .FILL x005B
(33EC) 0030  0000000000110000 ( 939)                 .FILL x0030
(33ED) 006D  0000000001101101 ( 939)                 .FILL x006D
(33EE) 0000  0000000000000000 ( 939)                 .FILL x0000
(33EF) 0065  0000000001100101 ( 940) ANSI_BOARD_LABELS_9 .FILL x0065
(33F0) 005B  0000000001011011 ( 940)                 .FILL x005B
(33F1) 0033  0000000000110011 ( 940)                 .FILL x0033
(33F2) 0033  0000000000110011 ( 940)                 .FILL x0033
(33F3) 006D  0000000001101101 ( 940)                 .FILL x006D
(33F4) 0035  0000000000110101 ( 940)                 .FILL x0035
(33F5) 0031  0000000000110001 ( 940)                 .FILL x0031
(33F6) 0032  0000000000110010 ( 940)                 .FILL x0032
(33F7) 0020  0000000000100000 ( 940)                 .FILL x0020
(33F8) 0065  0000000001100101 ( 940)                 .FILL x0065
(33F9) 005B  0000000001011011 ( 940)                 .FILL x005B
(33FA) 0030  0000000000110000 ( 940)                 .FILL x0030
(33FB) 006D  0000000001101101 ( 940)                 .FILL x006D
(33FC) 0000  0000000000000000 ( 940)                 .FILL x0000
(33FD) 0065  0000000001100101 ( 941) ANSI_BOARD_LABELS_10 .FILL x0065
(33FE) 005B  0000000001011011 ( 941)                 .FILL x005B
(33FF) 0031  0000000000110001 ( 941)                 .FILL x0031
(3400) 003B  0000000000111011 ( 941)                 .FILL x003B
(3401) 0033  0000000000110011 ( 941)                 .FILL x0033
(3402) 0033  0000000000110011 ( 941)                 .FILL x0033
(3403) 006D  0000000001101101 ( 941)                 .FILL x006D
(3404) 0031  0000000000110001 ( 941)                 .FILL x0031
(3405) 0030  0000000000110000 ( 941)                 .FILL x0030
(3406) 0032  0000000000110010 ( 941)                 .FILL x0032
(3407) 0034  0000000000110100 ( 941)                 .FILL x0034
(3408) 0065  0000000001100101 ( 941)                 .FILL x0065
(3409) 005B  0000000001011011 ( 941)                 .FILL x005B
(340A) 0030  0000000000110000 ( 941)                 .FILL x0030
(340B) 006D  0000000001101101 ( 941)                 .FILL x006D
(340C) 0000  0000000000000000 ( 941)                 .FILL x0000
(340D) 0065  0000000001100101 ( 942) ANSI_BOARD_LABELS_11 .FILL x0065
(340E) 005B  0000000001011011 ( 942)                 .FILL x005B
(340F) 0031  0000000000110001 ( 942)                 .FILL x0031
(3410) 003B  0000000000111011 ( 942)                 .FILL x003B
(3411) 0033  0000000000110011 ( 942)                 .FILL x0033
(3412) 0033  0000000000110011 ( 942)                 .FILL x0033
(3413) 006D  0000000001101101 ( 942)                 .FILL x006D
(3414) 0032  0000000000110010 ( 942)                 .FILL x0032
(3415) 0030  0000000000110000 ( 942)                 .FILL x0030
(3416) 0034  0000000000110100 ( 942)                 .FILL x0034
(3417) 0038  0000000000111000 ( 942)                 .FILL x0038
(3418) 0065  0000000001100101 ( 942)                 .FILL x0065
(3419) 005B  0000000001011011 ( 942)                 .FILL x005B
(341A) 0030  0000000000110000 ( 942)                 .FILL x0030
(341B) 006D  0000000001101101 ( 942)                 .FILL x006D
(341C) 0000  0000000000000000 ( 942)                 .FILL x0000
(341D) 0065  0000000001100101 ( 943) ANSI_BOARD_LABELS_12 .FILL x0065
(341E) 005B  0000000001011011 ( 943)                 .FILL x005B
(341F) 0031  0000000000110001 ( 943)                 .FILL x0031
(3420) 003B  0000000000111011 ( 943)                 .FILL x003B
(3421) 0033  0000000000110011 ( 943)                 .FILL x0033
(3422) 0033  0000000000110011 ( 943)                 .FILL x0033
(3423) 006D  0000000001101101 ( 943)                 .FILL x006D
(3424) 0034  0000000000110100 ( 943)                 .FILL x0034
(3425) 0030  0000000000110000 ( 943)                 .FILL x0030
(3426) 0039  0000000000111001 ( 943)                 .FILL x0039
(3427) 0036  0000000000110110 ( 943)                 .FILL x0036
(3428) 0065  0000000001100101 ( 943)                 .FILL x0065
(3429) 005B  0000000001011011 ( 943)                 .FILL x005B
(342A) 0030  0000000000110000 ( 943)                 .FILL x0030
(342B) 006D  0000000001101101 ( 943)                 .FILL x006D
(342C) 0000  0000000000000000 ( 943)                 .FILL x0000
(342D) 0065  0000000001100101 ( 944) ANSI_BOARD_LABELS_13 .FILL x0065
(342E) 005B  0000000001011011 ( 944)                 .FILL x005B
(342F) 0033  0000000000110011 ( 944)                 .FILL x0033
(3430) 0037  0000000000110111 ( 944)                 .FILL x0037
(3431) 003B  0000000000111011 ( 944)                 .FILL x003B
(3432) 0034  0000000000110100 ( 944)                 .FILL x0034
(3433) 0030  0000000000110000 ( 944)                 .FILL x0030
(3434) 006D  0000000001101101 ( 944)                 .FILL x006D
(3435) 0038  0000000000111000 ( 944)                 .FILL x0038
(3436) 0031  0000000000110001 ( 944)                 .FILL x0031
(3437) 0039  0000000000111001 ( 944)                 .FILL x0039
(3438) 0032  0000000000110010 ( 944)                 .FILL x0032
(3439) 0065  0000000001100101 ( 944)                 .FILL x0065
(343A) 005B  0000000001011011 ( 944)                 .FILL x005B
(343B) 0030  0000000000110000 ( 944)                 .FILL x0030
(343C) 006D  0000000001101101 ( 944)                 .FILL x006D
(343D) 0000  0000000000000000 ( 944)                 .FILL x0000
(343E) 0065  0000000001100101 ( 945) ANSI_BOARD_LABELS_14 .FILL x0065
(343F) 005B  0000000001011011 ( 945)                 .FILL x005B
(3440) 0033  0000000000110011 ( 945)                 .FILL x0033
(3441) 0037  0000000000110111 ( 945)                 .FILL x0037
(3442) 003B  0000000000111011 ( 945)                 .FILL x003B
(3443) 0034  0000000000110100 ( 945)                 .FILL x0034
(3444) 0030  0000000000110000 ( 945)                 .FILL x0030
(3445) 006D  0000000001101101 ( 945)                 .FILL x006D
(3446) 0032  0000000000110010 ( 945)                 .FILL x0032
(3447) 005E  0000000001011110 ( 945)                 .FILL x005E
(3448) 0031  0000000000110001 ( 945)                 .FILL x0031
(3449) 0034  0000000000110100 ( 945)                 .FILL x0034
(344A) 0065  0000000001100101 ( 945)                 .FILL x0065
(344B) 005B  0000000001011011 ( 945)                 .FILL x005B
(344C) 0030  0000000000110000 ( 945)                 .FILL x0030
(344D) 006D  0000000001101101 ( 945)                 .FILL x006D
(344E) 0000  0000000000000000 ( 945)                 .FILL x0000
(344F) 0065  0000000001100101 ( 946) ANSI_BOARD_LABELS_15 .FILL x0065
(3450) 005B  0000000001011011 ( 946)                 .FILL x005B
(3451) 0033  0000000000110011 ( 946)                 .FILL x0033
(3452) 0037  0000000000110111 ( 946)                 .FILL x0037
(3453) 003B  0000000000111011 ( 946)                 .FILL x003B
(3454) 0034  0000000000110100 ( 946)                 .FILL x0034
(3455) 0030  0000000000110000 ( 946)                 .FILL x0030
(3456) 006D  0000000001101101 ( 946)                 .FILL x006D
(3457) 0032  0000000000110010 ( 946)                 .FILL x0032
(3458) 005E  0000000001011110 ( 946)                 .FILL x005E
(3459) 0031  0000000000110001 ( 946)                 .FILL x0031
(345A) 0035  0000000000110101 ( 946)                 .FILL x0035
(345B) 0065  0000000001100101 ( 946)                 .FILL x0065
(345C) 005B  0000000001011011 ( 946)                 .FILL x005B
(345D) 0030  0000000000110000 ( 946)                 .FILL x0030
(345E) 006D  0000000001101101 ( 946)                 .FILL x006D
(345F) 0000  0000000000000000 ( 946)                 .FILL x0000
(3460) 0065  0000000001100101 ( 947) ANSI_BOARD_LABELS_16 .FILL x0065
(3461) 005B  0000000001011011 ( 947)                 .FILL x005B
(3462) 0033  0000000000110011 ( 947)                 .FILL x0033
(3463) 0037  0000000000110111 ( 947)                 .FILL x0037
(3464) 003B  0000000000111011 ( 947)                 .FILL x003B
(3465) 0034  0000000000110100 ( 947)                 .FILL x0034
(3466) 0030  0000000000110000 ( 947)                 .FILL x0030
(3467) 006D  0000000001101101 ( 947)                 .FILL x006D
(3468) 0032  0000000000110010 ( 947)                 .FILL x0032
(3469) 005E  0000000001011110 ( 947)                 .FILL x005E
(346A) 0031  0000000000110001 ( 947)                 .FILL x0031
(346B) 0036  0000000000110110 ( 947)                 .FILL x0036
(346C) 0065  0000000001100101 ( 947)                 .FILL x0065
(346D) 005B  0000000001011011 ( 947)                 .FILL x005B
(346E) 0030  0000000000110000 ( 947)                 .FILL x0030
(346F) 006D  0000000001101101 ( 947)                 .FILL x006D
(3470) 0000  0000000000000000 ( 947)                 .FILL x0000
